<?xml version="1.0" encoding="UTF-8"?>
<testng-results ignored="0" total="1" passed="1" failed="0" skipped="0">
  <reporter-output>
  </reporter-output>
  <suite started-at="2026-07-20T12:57:21 IST" name="Default suite" finished-at="2026-07-20T12:57:25 IST" duration-ms="4634">
    <groups>
    </groups>
    <test started-at="2026-07-20T12:57:21 IST" name="Default test" finished-at="2026-07-20T12:57:25 IST" duration-ms="4634">
      <class name="com.flipkart.tests.practice">
        <test-method is-config="true" signature="setup()[pri:0, instance:com.flipkart.tests.practice@1aafa419]" started-at="2026-07-20T12:57:21 IST" name="setup" finished-at="2026-07-20T12:57:22 IST" duration-ms="1370" status="PASS">
          <reporter-output>
          </reporter-output>
        </test-method> <!-- setup -->
        <test-method signature="openFlipkart()[pri:0, instance:com.flipkart.tests.practice@1aafa419]" started-at="2026-07-20T12:57:22 IST" name="openFlipkart" finished-at="2026-07-20T12:57:25 IST" duration-ms="3229" status="PASS">
          <reporter-output>
          </reporter-output>
        </test-method> <!-- openFlipkart -->
      </class> <!-- com.flipkart.tests.practice -->
    </test> <!-- Default test -->
  </suite> <!-- Default suite -->
</testng-results>
